C:\USERS\STEEVE POMMIER\DOCUMENTS\GITHUB\CUBY\DEBUG\CUBY.OBJ
C:\USERS\STEEVE POMMIER\DOCUMENTS\GITHUB\CUBY\DEBUG\EXCEPTION.OBJ
C:\USERS\STEEVE POMMIER\DOCUMENTS\GITHUB\CUBY\DEBUG\IDISPLAY.OBJ
C:\USERS\STEEVE POMMIER\DOCUMENTS\GITHUB\CUBY\DEBUG\SETTINGS.OBJ
C:\USERS\STEEVE POMMIER\DOCUMENTS\GITHUB\CUBY\DEBUG\VC110.PDB
C:\USERS\STEEVE POMMIER\DOCUMENTS\GITHUB\CUBY\DEBUG\SDLDISPLAY.OBJ
C:\USERS\STEEVE POMMIER\DOCUMENTS\GITHUB\CUBY\DEBUG\ADISPLAY.OBJ
C:\USERS\STEEVE POMMIER\DOCUMENTS\GITHUB\CUBY\DEBUG\AOBJECT.OBJ
C:\USERS\STEEVE POMMIER\DOCUMENTS\GITHUB\CUBY\DEBUG\SECTION.OBJ
C:\USERS\STEEVE POMMIER\DOCUMENTS\GITHUB\CUBY\DEBUG\CUBY.ILK
C:\USERS\STEEVE POMMIER\DOCUMENTS\GITHUB\CUBY\DEBUG\CUBY.EXE
C:\USERS\STEEVE POMMIER\DOCUMENTS\GITHUB\CUBY\DEBUG\CUBY.PDB
C:\USERS\STEEVE POMMIER\DOCUMENTS\GITHUB\CUBY\DEBUG\CUBY.RES
C:\Users\Steeve Pommier\Documents\GitHub\Cuby\Debug\ADisplay.obj
C:\Users\Steeve Pommier\Documents\GitHub\Cuby\Debug\AObject.obj
C:\Users\Steeve Pommier\Documents\GitHub\Cuby\Debug\Cuby.obj
C:\Users\Steeve Pommier\Documents\GitHub\Cuby\Debug\Exception.obj
C:\Users\Steeve Pommier\Documents\GitHub\Cuby\Debug\IDisplay.obj
C:\Users\Steeve Pommier\Documents\GitHub\Cuby\Debug\SDLDisplay.obj
C:\Users\Steeve Pommier\Documents\GitHub\Cuby\Debug\Section.obj
C:\Users\Steeve Pommier\Documents\GitHub\Cuby\Debug\Settings.obj
C:\Users\Steeve Pommier\Documents\GitHub\Cuby\Debug\cl.command.1.tlog
C:\Users\Steeve Pommier\Documents\GitHub\Cuby\Debug\CL.read.1.tlog
C:\Users\Steeve Pommier\Documents\GitHub\Cuby\Debug\CL.write.1.tlog
C:\Users\Steeve Pommier\Documents\GitHub\Cuby\Debug\link-cvtres.read.1.tlog
C:\Users\Steeve Pommier\Documents\GitHub\Cuby\Debug\link-cvtres.write.1.tlog
C:\Users\Steeve Pommier\Documents\GitHub\Cuby\Debug\link-rc.read.1.tlog
C:\Users\Steeve Pommier\Documents\GitHub\Cuby\Debug\link-rc.write.1.tlog
C:\Users\Steeve Pommier\Documents\GitHub\Cuby\Debug\link.1692-cvtres.read.1.tlog
C:\Users\Steeve Pommier\Documents\GitHub\Cuby\Debug\link.1692-cvtres.write.1.tlog
C:\Users\Steeve Pommier\Documents\GitHub\Cuby\Debug\link.1692-rc.read.1.tlog
C:\Users\Steeve Pommier\Documents\GitHub\Cuby\Debug\link.1692-rc.write.1.tlog
C:\Users\Steeve Pommier\Documents\GitHub\Cuby\Debug\link.1692.read.1.tlog
C:\Users\Steeve Pommier\Documents\GitHub\Cuby\Debug\link.1692.write.1.tlog
C:\Users\Steeve Pommier\Documents\GitHub\Cuby\Debug\link.516-cvtres.read.1.tlog
C:\Users\Steeve Pommier\Documents\GitHub\Cuby\Debug\link.516-cvtres.write.1.tlog
C:\Users\Steeve Pommier\Documents\GitHub\Cuby\Debug\link.516-rc.read.1.tlog
C:\Users\Steeve Pommier\Documents\GitHub\Cuby\Debug\link.516-rc.write.1.tlog
C:\Users\Steeve Pommier\Documents\GitHub\Cuby\Debug\link.516.read.1.tlog
C:\Users\Steeve Pommier\Documents\GitHub\Cuby\Debug\link.516.write.1.tlog
C:\Users\Steeve Pommier\Documents\GitHub\Cuby\Debug\link.command.1.tlog
C:\Users\Steeve Pommier\Documents\GitHub\Cuby\Debug\link.read.1.tlog
C:\Users\Steeve Pommier\Documents\GitHub\Cuby\Debug\link.write.1.tlog
C:\Users\Steeve Pommier\Documents\GitHub\Cuby\Debug\rc.command.1.tlog
C:\Users\Steeve Pommier\Documents\GitHub\Cuby\Debug\rc.read.1.tlog
C:\Users\Steeve Pommier\Documents\GitHub\Cuby\Debug\rc.write.1.tlog
C:\Users\Steeve Pommier\Documents\GitHub\Cuby\Debug\Cuby.res
C:\Users\Steeve Pommier\Documents\GitHub\Cuby\Debug\vc110.idb
C:\Users\Steeve Pommier\Documents\GitHub\Cuby\Debug\Cuby.pdb
C:\Users\Steeve Pommier\Documents\GitHub\Cuby\Debug\vc110.pdb
