C:\USERS\STEEVE POMMIER\DOCUMENTS\GITHUB\CUBY\RELEASE\SETTINGS.OBJ
C:\USERS\STEEVE POMMIER\DOCUMENTS\GITHUB\CUBY\RELEASE\SDLDISPLAY.OBJ
C:\USERS\STEEVE POMMIER\DOCUMENTS\GITHUB\CUBY\RELEASE\RESSOURCES.OBJ
C:\USERS\STEEVE POMMIER\DOCUMENTS\GITHUB\CUBY\RELEASE\EXCEPTION.OBJ
C:\USERS\STEEVE POMMIER\DOCUMENTS\GITHUB\CUBY\RELEASE\CUBY.OBJ
C:\USERS\STEEVE POMMIER\DOCUMENTS\GITHUB\CUBY\RELEASE\COLORS.OBJ
C:\USERS\STEEVE POMMIER\DOCUMENTS\GITHUB\CUBY\RELEASE\BLOCK.OBJ
C:\USERS\STEEVE POMMIER\DOCUMENTS\GITHUB\CUBY\RELEASE\ASECTION.OBJ
C:\USERS\STEEVE POMMIER\DOCUMENTS\GITHUB\CUBY\RELEASE\AOBJECT.OBJ
C:\USERS\STEEVE POMMIER\DOCUMENTS\GITHUB\CUBY\RELEASE\VC110.PDB
C:\USERS\STEEVE POMMIER\DOCUMENTS\GITHUB\CUBY\RELEASE\CUBY.EXE
C:\USERS\STEEVE POMMIER\DOCUMENTS\GITHUB\CUBY\RELEASE\CUBY.PDB
C:\Users\Steeve Pommier\Documents\GitHub\Cuby\Release\AObject.obj
C:\Users\Steeve Pommier\Documents\GitHub\Cuby\Release\ASection.obj
C:\Users\Steeve Pommier\Documents\GitHub\Cuby\Release\Block.obj
C:\Users\Steeve Pommier\Documents\GitHub\Cuby\Release\Colors.obj
C:\Users\Steeve Pommier\Documents\GitHub\Cuby\Release\Cuby.obj
C:\Users\Steeve Pommier\Documents\GitHub\Cuby\Release\Exception.obj
C:\Users\Steeve Pommier\Documents\GitHub\Cuby\Release\Ressources.obj
C:\Users\Steeve Pommier\Documents\GitHub\Cuby\Release\SDLDisplay.obj
C:\Users\Steeve Pommier\Documents\GitHub\Cuby\Release\Settings.obj
C:\Users\Steeve Pommier\Documents\GitHub\Cuby\Release\cl.command.1.tlog
C:\Users\Steeve Pommier\Documents\GitHub\Cuby\Release\CL.read.1.tlog
C:\Users\Steeve Pommier\Documents\GitHub\Cuby\Release\CL.write.1.tlog
C:\Users\Steeve Pommier\Documents\GitHub\Cuby\Release\link-cvtres.read.1.tlog
C:\Users\Steeve Pommier\Documents\GitHub\Cuby\Release\link-cvtres.write.1.tlog
C:\Users\Steeve Pommier\Documents\GitHub\Cuby\Release\link-rc.read.1.tlog
C:\Users\Steeve Pommier\Documents\GitHub\Cuby\Release\link-rc.write.1.tlog
C:\Users\Steeve Pommier\Documents\GitHub\Cuby\Release\link.command.1.tlog
C:\Users\Steeve Pommier\Documents\GitHub\Cuby\Release\link.read.1.tlog
C:\Users\Steeve Pommier\Documents\GitHub\Cuby\Release\link.write.1.tlog
C:\Users\Steeve Pommier\Documents\GitHub\Cuby\Release\Cuby.pdb
C:\Users\Steeve Pommier\Documents\GitHub\Cuby\Release\vc110.pdb
C:\Users\Steeve Pommier\Documents\GitHub\Cuby\Release\Cuby.exe
